-------------------------------------------------------------------------------
Test set: es.uma.informatica.sii.spring.jpa.demo.SesionesTest$SesionSinAutorizar
-------------------------------------------------------------------------------
Tests run: 5, Failures: 0, Errors: 0, Skipped: 0, Time elapsed: 6.349 s -- in es.uma.informatica.sii.spring.jpa.demo.SesionesTest$SesionSinAutorizar
es.uma.informatica.sii.spring.jpa.demo.SesionesTest$SesionSinAutorizar.get_Sesion_403 -- Time elapsed: 0.282 s
es.uma.informatica.sii.spring.jpa.demo.SesionesTest$SesionSinAutorizar.put_sesion_403 -- Time elapsed: 0.268 s
es.uma.informatica.sii.spring.jpa.demo.SesionesTest$SesionSinAutorizar.postSesionPlan_403 -- Time elapsed: 0.271 s
es.uma.informatica.sii.spring.jpa.demo.SesionesTest$SesionSinAutorizar.getSesionPlan_403 -- Time elapsed: 0.257 s
es.uma.informatica.sii.spring.jpa.demo.SesionesTest$SesionSinAutorizar.delete_sesion_403 -- Time elapsed: 0.264 s
