-------------------------------------------------------------------------------
Test set: es.uma.informatica.sii.spring.jpa.demo.SesionesTest$SesionSinAutorizar
-------------------------------------------------------------------------------
Tests run: 5, Failures: 0, Errors: 0, Skipped: 0, Time elapsed: 6.028 s -- in es.uma.informatica.sii.spring.jpa.demo.SesionesTest$SesionSinAutorizar
es.uma.informatica.sii.spring.jpa.demo.SesionesTest$SesionSinAutorizar.get_Sesion_403 -- Time elapsed: 0.283 s
es.uma.informatica.sii.spring.jpa.demo.SesionesTest$SesionSinAutorizar.put_sesion_403 -- Time elapsed: 0.285 s
es.uma.informatica.sii.spring.jpa.demo.SesionesTest$SesionSinAutorizar.postSesionPlan_403 -- Time elapsed: 0.261 s
es.uma.informatica.sii.spring.jpa.demo.SesionesTest$SesionSinAutorizar.getSesionPlan_403 -- Time elapsed: 0.273 s
es.uma.informatica.sii.spring.jpa.demo.SesionesTest$SesionSinAutorizar.delete_sesion_403 -- Time elapsed: 0.257 s
